#
# A fatal error has been detected by the Java Runtime Environment:
#
#  SIGILL (0x4) at pc=0x00007fff410c1c50, pid=1788, tid=775
#
# JRE version: Java(TM) SE Runtime Environment (7.0_80-b15) (build 1.7.0_80-b15)
# Java VM: Java HotSpot(TM) 64-Bit Server VM (24.80-b11 mixed mode bsd-amd64 compressed oops)
# Problematic frame:
# C  [CoreFoundation+0x13fc50]  _CFRelease+0x438
#
# Failed to write core dump. Core dumps have been disabled. To enable core dumping, try "ulimit -c unlimited" before starting Java again
#
# If you would like to submit a bug report, please visit:
#   http://bugreport.java.com/bugreport/crash.jsp
# The crash happened outside the Java Virtual Machine in native code.
# See problematic frame for where to report the bug.
#

---------------  T H R E A D  ---------------

Current thread (0x00007fdb50948800):  JavaThread "JavaFX Application Thread" daemon [_thread_in_native, id=775, stack(0x00007ffee7d93000,0x00007ffee8593000)]

siginfo:si_signo=SIGILL: si_errno=0, si_code=1 (ILL_ILLOPC), si_addr=0x00007fff410c1c50

Registers:
RAX=0x00007fff4130c98d, RBX=0x000000000060078c, RCX=0x000000030000078c, RDX=0x0000000000000010
RSP=0x00007ffee858aab0, RBP=0x00007ffee858aaf0, RSI=0x00007fff3f0eef1e, RDI=0x00007fdb5067a9f0
R8 =0x00000000000000ff, R9 =0x00007fdb506763e0, R10=0x00007fff9990e7e8, R11=0x00007fdb521f5be0
R12=0x00007fdb5067a9f0, R13=0x00007ffee858ab68, R14=0x00007fdb5067a7e0, R15=0x0000000000000000
RIP=0x00007fff410c1c50, EFLAGS=0x0000000000010206, ERR=0x0000000000000000
  TRAPNO=0x0000000000000006

Top of Stack: (sp=0x00007ffee858aab0)
0x00007ffee858aab0:   00007fdb5067a9c0 00007fdb5067a9f0
0x00007ffee858aac0:   ffffffffffffffff 00007fdb5067a7f8
0x00007ffee858aad0:   0000000000000001 00007ffee858ab68
0x00007ffee858aae0:   00007fdb5067a7e0 0000000000000000
0x00007ffee858aaf0:   00007ffee858ab20 00007fff40f9a879
0x00007ffee858ab00:   00007fdb506763e0 ffff8024af989c20
0x00007ffee858ab10:   0000000000000001 00007fdb506763e0
0x00007ffee858ab20:   00007ffee858ab50 00007fff40f9a7e8
0x00007ffee858ab30:   00007fdb52388fb0 00007fffa0bb1408
0x00007ffee858ab40:   0000000000000001 00007fffa0bb1401
0x00007ffee858ab50:   00007ffee858aba0 00007fff6d16979c
0x00007ffee858ab60:   ffff8024af989c20 ffff8024af989c20
0x00007ffee858ab70:   00007fffa0bb1400 00007fdb51000010
0x00007ffee858ab80:   a3a3a3a3a3a3a3a3 00007fdb506763e0
0x00007ffee858ab90:   00007fdb51000078 00007fdb51000000
0x00007ffee858aba0:   00007ffee858aff0 00007fff6d1647c2
0x00007ffee858abb0:   0000000000000020 0000000000000003
0x00007ffee858abc0:   0000000000000000 0000000107688000
0x00007ffee858abd0:   00007ffee858ac00 00007fff6e3e5bac
0x00007ffee858abe0:   00007fdb5067a950 0000000000000005
0x00007ffee858abf0:   00007fff40f8ca40 0000000000000001
0x00007ffee858ac00:   00007ffee858ac90 00007fff40f8a556
0x00007ffee858ac10:   00007fffa0dc8000 00007fdb5067a950
0x00007ffee858ac20:   0000000000000020 0000000000000005
0x00007ffee858ac30:   00007ffee858ac50 0000000000000007
0x00007ffee858ac40:   00007fffa0bb18c8 00007fffa0bb1040
0x00007ffee858ac50:   00007ffee858aca8 00007ffee858ac70
0x00007ffee858ac60:   00007ffee858ac90 00007fff6d17bce8
0x00007ffee858ac70:   00007fdb50be6200 0000000000000880
0x00007ffee858ac80:   00007fffa0bb18c0 00007fdb52c53fd0
0x00007ffee858ac90:   00007ffee858acd0 00007fff6d169652
0x00007ffee858aca0:   0000000000000008 0000000000000008 

Instructions: (pc=0x00007fff410c1c50)
0x00007fff410c1c30:   ff ff 48 8d 05 14 a9 24 00 48 89 05 88 70 85 58
0x00007fff410c1c40:   0f 0b 48 8d 05 44 ad 24 00 48 89 05 78 70 85 58
0x00007fff410c1c50:   0f 0b 90 90 55 48 89 e5 48 8d 35 9b a9 24 00 bf
0x00007fff410c1c60:   02 00 00 00 ba 65 00 00 00 e8 86 25 06 00 48 8d 

Register to memory mapping:

RAX=0x00007fff4130c98d: _XMLPlistAppendDataUsingBase64.__CFPLDataEncodeTable+0x208d in /System/Library/Frameworks/CoreFoundation.framework/Versions/A/CoreFoundation at 0x00007fff40f82000
RBX=0x000000000060078c is an unknown value
RCX=0x000000030000078c is an unknown value
RDX=0x0000000000000010 is an unknown value
RSP=0x00007ffee858aab0 is pointing into the stack for thread: 0x00007fdb50948800
RBP=0x00007ffee858aaf0 is pointing into the stack for thread: 0x00007fdb50948800
RSI=0x00007fff3f0eef1e: GCC_except_table7+0x3c2 in /System/Library/Frameworks/AppKit.framework/Versions/C/AppKit at 0x00007fff3e4ea000
RDI=0x00007fdb5067a9f0 is an unknown value
R8 =0x00000000000000ff is an unknown value
R9 =0x00007fdb506763e0 is an unknown value
R10=0x00007fff9990e7e8: OBJC_CLASS_$___NSCFString+0 in /System/Library/Frameworks/CoreFoundation.framework/Versions/A/CoreFoundation at 0x00007fff40f82000
R11=0x00007fdb521f5be0 is an unknown value
R12=0x00007fdb5067a9f0 is an unknown value
R13=0x00007ffee858ab68 is pointing into the stack for thread: 0x00007fdb50948800
R14=0x00007fdb5067a7e0 is an unknown value
R15=0x0000000000000000 is an unknown value


Stack: [0x00007ffee7d93000,0x00007ffee8593000],  sp=0x00007ffee858aab0,  free space=8158k
Native frames: (J=compiled Java code, j=interpreted, Vv=VM code, C=native code)
C  [CoreFoundation+0x13fc50]  _CFRelease+0x438
C  [CoreFoundation+0x18879]  cow_cleanup+0x6c
C  [CoreFoundation+0x187e8]  -[__NSArrayM dealloc]+0x2d
C  [libobjc.A.dylib+0xf79c]  objc_object::sidetable_release(bool)+0x10a
C  [libobjc.A.dylib+0xa7c2]  (anonymous namespace)::AutoreleasePoolPage::pop(void*)+0x2d6
C  [CoreFoundation+0xdd42]  _CFAutoreleasePoolPop+0x16
C  [libjavafx-font.dylib+0x28df]  Java_com_sun_t2k_MacFontFinder_getFontResource+0x24f
j  com.sun.t2k.MacFontFinder.getFontResource(Ljava/lang/String;ZZ)[Ljava/lang/String;+0
j  com.sun.t2k.MacFontFinder.getMacFontResource(Ljava/lang/String;ZZZ)Lcom/sun/javafx/font/FontResource;+37
j  com.sun.t2k.T2KFontFactory.getFontResource(Ljava/lang/String;ZZZ)Lcom/sun/javafx/font/FontResource;+385
j  com.sun.t2k.LogicalFont.getSlot0Resource()Lcom/sun/javafx/font/FontResource;+31
j  com.sun.t2k.LogicalFont.getSlotResource(I)Lcom/sun/javafx/font/FontResource;+5
j  com.sun.t2k.CompositeGlyphMapper.getSlotMapper(I)Lcom/sun/t2k/CharToGlyphMapper;+16
j  com.sun.t2k.CompositeGlyphMapper.getAsciiGlyphCode(I)I+35
j  com.sun.t2k.CompositeGlyphMapper.getGlyphCode(I)I+2
j  com.sun.t2k.CharToGlyphMapper.charToGlyph(C)I+2
j  com.sun.t2k.CompositeStrike.getGlyph(C)Lcom/sun/javafx/font/FontStrike$Glyph;+12
j  com.sun.webpane.sg.prism.WCFontImpl.getXHeight()D+18
v  ~StubRoutines::call_stub
V  [libjvm.dylib+0x2dc898]  JavaCalls::call_helper(JavaValue*, methodHandle*, JavaCallArguments*, Thread*)+0x22a
V  [libjvm.dylib+0x2dc668]  JavaCalls::call(JavaValue*, methodHandle, JavaCallArguments*, Thread*)+0x28
V  [libjvm.dylib+0x31034f]  jni_invoke_nonstatic(JNIEnv_*, JavaValue*, _jobject*, JNICallType, _jmethodID*, JNI_ArgumentPusher*, Thread*)+0x2ba
V  [libjvm.dylib+0x303c30]  jni_CallDoubleMethodV+0xae
C  [libjfxwebkit.dylib+0x61f988]  Java_com_sun_webpane_platform_graphics_WCGraphicsManager_append+0x2c18
C  [libjfxwebkit.dylib+0x836764]  Java_com_sun_webpane_platform_graphics_WCImgDecoder_twkNotifyObserver+0x3d14
C  [libjfxwebkit.dylib+0x61b06c]  Java_com_sun_webpane_webkit_dom_EventListenerImpl_twkCreatePeer+0x5ebb5c
C  [libjfxwebkit.dylib+0x60cbed]  Java_com_sun_webpane_webkit_dom_EventListenerImpl_twkCreatePeer+0x5dd6dd
C  [libjfxwebkit.dylib+0x61d50c]  Java_com_sun_webpane_platform_graphics_WCGraphicsManager_append+0x79c
C  [libjfxwebkit.dylib+0x601a7b]  Java_com_sun_webpane_webkit_dom_EventListenerImpl_twkCreatePeer+0x5d256b
C  [libjfxwebkit.dylib+0x601b61]  Java_com_sun_webpane_webkit_dom_EventListenerImpl_twkCreatePeer+0x5d2651
C  [libjfxwebkit.dylib+0x7bc6a2]  Java_com_sun_webpane_webkit_network_URLLoader_twkWillSendRequest+0x12ec82
C  [libjfxwebkit.dylib+0x7be0ad]  Java_com_sun_webpane_webkit_network_URLLoader_twkWillSendRequest+0x13068d
C  [libjfxwebkit.dylib+0x7b885b]  Java_com_sun_webpane_webkit_network_URLLoader_twkWillSendRequest+0x12ae3b
C  [libjfxwebkit.dylib+0x6da8e5]  Java_com_sun_webpane_webkit_network_URLLoader_twkWillSendRequest+0x4cec5
C  [libjfxwebkit.dylib+0x6db408]  Java_com_sun_webpane_webkit_network_URLLoader_twkWillSendRequest+0x4d9e8
C  [libjfxwebkit.dylib+0x70948b]  Java_com_sun_webpane_webkit_network_URLLoader_twkWillSendRequest+0x7ba6b
C  [libjfxwebkit.dylib+0x6d11ad]  Java_com_sun_webpane_webkit_network_URLLoader_twkWillSendRequest+0x4378d
C  [libjfxwebkit.dylib+0x6db2fa]  Java_com_sun_webpane_webkit_network_URLLoader_twkWillSendRequest+0x4d8da
C  [libjfxwebkit.dylib+0x7a3910]  Java_com_sun_webpane_webkit_network_URLLoader_twkWillSendRequest+0x115ef0
C  [libjfxwebkit.dylib+0x6adb32]  Java_com_sun_webpane_webkit_network_URLLoader_twkWillSendRequest+0x20112
C  [libjfxwebkit.dylib+0x6ae4fa]  Java_com_sun_webpane_webkit_network_URLLoader_twkWillSendRequest+0x20ada
C  [libjfxwebkit.dylib+0x6af14f]  Java_com_sun_webpane_webkit_network_URLLoader_twkWillSendRequest+0x2172f
C  [libjfxwebkit.dylib+0x7a0863]  Java_com_sun_webpane_webkit_network_URLLoader_twkWillSendRequest+0x112e43
C  [libjfxwebkit.dylib+0x70948b]  Java_com_sun_webpane_webkit_network_URLLoader_twkWillSendRequest+0x7ba6b
C  [libjfxwebkit.dylib+0x6d11ad]  Java_com_sun_webpane_webkit_network_URLLoader_twkWillSendRequest+0x4378d
C  [libjfxwebkit.dylib+0x6db2fa]  Java_com_sun_webpane_webkit_network_URLLoader_twkWillSendRequest+0x4d8da
C  [libjfxwebkit.dylib+0x7a3910]  Java_com_sun_webpane_webkit_network_URLLoader_twkWillSendRequest+0x115ef0
C  [libjfxwebkit.dylib+0x6adb32]  Java_com_sun_webpane_webkit_network_URLLoader_twkWillSendRequest+0x20112
C  [libjfxwebkit.dylib+0x6ae4fa]  Java_com_sun_webpane_webkit_network_URLLoader_twkWillSendRequest+0x20ada
C  [libjfxwebkit.dylib+0x6af14f]  Java_com_sun_webpane_webkit_network_URLLoader_twkWillSendRequest+0x2172f
C  [libjfxwebkit.dylib+0x7a0863]  Java_com_sun_webpane_webkit_network_URLLoader_twkWillSendRequest+0x112e43
C  [libjfxwebkit.dylib+0x70948b]  Java_com_sun_webpane_webkit_network_URLLoader_twkWillSendRequest+0x7ba6b
C  [libjfxwebkit.dylib+0x7a0bff]  Java_com_sun_webpane_webkit_network_URLLoader_twkWillSendRequest+0x1131df
C  [libjfxwebkit.dylib+0x79dd66]  Java_com_sun_webpane_webkit_network_URLLoader_twkWillSendRequest+0x110346
C  [libjfxwebkit.dylib+0x6ed2ea]  Java_com_sun_webpane_webkit_network_URLLoader_twkWillSendRequest+0x5f8ca
C  [libjfxwebkit.dylib+0x6edca6]  Java_com_sun_webpane_webkit_network_URLLoader_twkWillSendRequest+0x60286
C  [libjfxwebkit.dylib+0x6eed73]  Java_com_sun_webpane_webkit_network_URLLoader_twkWillSendRequest+0x61353
C  [libjfxwebkit.dylib+0x6c9d27]  Java_com_sun_webpane_webkit_network_URLLoader_twkWillSendRequest+0x3c307
C  [libjfxwebkit.dylib+0x6ed2ea]  Java_com_sun_webpane_webkit_network_URLLoader_twkWillSendRequest+0x5f8ca
C  [libjfxwebkit.dylib+0x6edca6]  Java_com_sun_webpane_webkit_network_URLLoader_twkWillSendRequest+0x60286
C  [libjfxwebkit.dylib+0x6eed73]  Java_com_sun_webpane_webkit_network_URLLoader_twkWillSendRequest+0x61353
C  [libjfxwebkit.dylib+0x6c9d27]  Java_com_sun_webpane_webkit_network_URLLoader_twkWillSendRequest+0x3c307
C  [libjfxwebkit.dylib+0x6ed2ea]  Java_com_sun_webpane_webkit_network_URLLoader_twkWillSendRequest+0x5f8ca
C  [libjfxwebkit.dylib+0x6edca6]  Java_com_sun_webpane_webkit_network_URLLoader_twkWillSendRequest+0x60286
C  [libjfxwebkit.dylib+0x6eed73]  Java_com_sun_webpane_webkit_network_URLLoader_twkWillSendRequest+0x61353
C  [libjfxwebkit.dylib+0x6c9d27]  Java_com_sun_webpane_webkit_network_URLLoader_twkWillSendRequest+0x3c307
C  [libjfxwebkit.dylib+0x7d4c38]  Java_com_sun_webpane_webkit_network_URLLoader_twkWillSendRequest+0x147218
C  [libjfxwebkit.dylib+0x5d817e]  Java_com_sun_webpane_webkit_dom_EventListenerImpl_twkCreatePeer+0x5a8c6e
C  [libjfxwebkit.dylib+0x6a7ad6]  Java_com_sun_webpane_webkit_network_URLLoader_twkWillSendRequest+0x1a0b6
j  com.sun.webpane.webkit.Timer.twkFireTimerEvent()V+0
j  com.sun.webpane.webkit.Timer.fireTimerEvent(J)V+45
j  com.sun.webpane.webkit.Timer.notifyTick()V+25
j  javafx.scene.web.WebEngine$PulseTimer$2.pulse()V+3
j  com.sun.javafx.tk.Toolkit$5.run()Ljava/lang/Void;+4
j  com.sun.javafx.tk.Toolkit$5.run()Ljava/lang/Object;+1
v  ~StubRoutines::call_stub
V  [libjvm.dylib+0x2dc898]  JavaCalls::call_helper(JavaValue*, methodHandle*, JavaCallArguments*, Thread*)+0x22a
V  [libjvm.dylib+0x2dc668]  JavaCalls::call(JavaValue*, methodHandle, JavaCallArguments*, Thread*)+0x28
V  [libjvm.dylib+0x32ffb8]  JVM_DoPrivileged+0x411
j  java.security.AccessController.doPrivileged(Ljava/security/PrivilegedAction;Ljava/security/AccessControlContext;)Ljava/lang/Object;+0
j  com.sun.javafx.tk.Toolkit.runPulse(Lcom/sun/javafx/tk/TKPulseListener;Ljava/security/AccessControlContext;)V+24
j  com.sun.javafx.tk.Toolkit.firePulse()V+165
j  com.sun.javafx.tk.quantum.QuantumToolkit.pulse()V+100
j  com.sun.javafx.tk.quantum.QuantumToolkit$9.run()V+4
j  com.sun.glass.ui.InvokeLaterDispatcher$Future.run()V+4
v  ~StubRoutines::call_stub
V  [libjvm.dylib+0x2dc898]  JavaCalls::call_helper(JavaValue*, methodHandle*, JavaCallArguments*, Thread*)+0x22a
V  [libjvm.dylib+0x2dc668]  JavaCalls::call(JavaValue*, methodHandle, JavaCallArguments*, Thread*)+0x28
V  [libjvm.dylib+0x31034f]  jni_invoke_nonstatic(JNIEnv_*, JavaValue*, _jobject*, JNICallType, _jmethodID*, JNI_ArgumentPusher*, Thread*)+0x2ba
V  [libjvm.dylib+0x303ec0]  jni_CallVoidMethod+0x116
C  [libglass.dylib+0x33b9]  -[GlassRunnable run]+0x79
C  [Foundation+0xb1abb]  __NSThreadPerformPerform+0x147
C  [CoreFoundation+0x57f09]  __CFRUNLOOP_IS_CALLING_OUT_TO_A_SOURCE0_PERFORM_FUNCTION__+0x11
C  [CoreFoundation+0x57eaf]  __CFRunLoopDoSource0+0x6c
C  [CoreFoundation+0x3bd5c]  __CFRunLoopDoSources0+0xc3
C  [CoreFoundation+0x3b303]  __CFRunLoopRun+0x4ca
C  [CoreFoundation+0x3abe6]  CFRunLoopRunSpecific+0x1d3
C  [HIToolbox+0xab35]  RunCurrentEventLoopInMode+0x125
C  [HIToolbox+0xa86b]  ReceiveNextEventCommon+0x26a
C  [HIToolbox+0xa5e8]  _BlockUntilNextEventMatchingListInModeWithFilter+0x40
...<more frames>...

Java frames: (J=compiled Java code, j=interpreted, Vv=VM code)
j  com.sun.t2k.MacFontFinder.getFontResource(Ljava/lang/String;ZZ)[Ljava/lang/String;+0
j  com.sun.t2k.MacFontFinder.getMacFontResource(Ljava/lang/String;ZZZ)Lcom/sun/javafx/font/FontResource;+37
j  com.sun.t2k.T2KFontFactory.getFontResource(Ljava/lang/String;ZZZ)Lcom/sun/javafx/font/FontResource;+385
j  com.sun.t2k.LogicalFont.getSlot0Resource()Lcom/sun/javafx/font/FontResource;+31
j  com.sun.t2k.LogicalFont.getSlotResource(I)Lcom/sun/javafx/font/FontResource;+5
j  com.sun.t2k.CompositeGlyphMapper.getSlotMapper(I)Lcom/sun/t2k/CharToGlyphMapper;+16
j  com.sun.t2k.CompositeGlyphMapper.getAsciiGlyphCode(I)I+35
j  com.sun.t2k.CompositeGlyphMapper.getGlyphCode(I)I+2
j  com.sun.t2k.CharToGlyphMapper.charToGlyph(C)I+2
j  com.sun.t2k.CompositeStrike.getGlyph(C)Lcom/sun/javafx/font/FontStrike$Glyph;+12
j  com.sun.webpane.sg.prism.WCFontImpl.getXHeight()D+18
v  ~StubRoutines::call_stub
j  com.sun.webpane.webkit.Timer.twkFireTimerEvent()V+0
j  com.sun.webpane.webkit.Timer.fireTimerEvent(J)V+45
j  com.sun.webpane.webkit.Timer.notifyTick()V+25
j  javafx.scene.web.WebEngine$PulseTimer$2.pulse()V+3
j  com.sun.javafx.tk.Toolkit$5.run()Ljava/lang/Void;+4
j  com.sun.javafx.tk.Toolkit$5.run()Ljava/lang/Object;+1
v  ~StubRoutines::call_stub
j  java.security.AccessController.doPrivileged(Ljava/security/PrivilegedAction;Ljava/security/AccessControlContext;)Ljava/lang/Object;+0
j  com.sun.javafx.tk.Toolkit.runPulse(Lcom/sun/javafx/tk/TKPulseListener;Ljava/security/AccessControlContext;)V+24
j  com.sun.javafx.tk.Toolkit.firePulse()V+165
j  com.sun.javafx.tk.quantum.QuantumToolkit.pulse()V+100
j  com.sun.javafx.tk.quantum.QuantumToolkit$9.run()V+4
j  com.sun.glass.ui.InvokeLaterDispatcher$Future.run()V+4
v  ~StubRoutines::call_stub

---------------  P R O C E S S  ---------------

Java Threads: ( => current thread )
  0x00007fdb50d6e000 JavaThread "Prism Font Disposer" daemon [_thread_blocked, id=61711, stack(0x000070000b3f1000,0x000070000b4f1000)]
  0x00007fdb524fa000 JavaThread "Thread-9" daemon [_thread_blocked, id=61191, stack(0x000070000b2ee000,0x000070000b3ee000)]
  0x00007fdb50cb5000 JavaThread "Thread-8" daemon [_thread_blocked, id=71943, stack(0x000070000b1eb000,0x000070000b2eb000)]
  0x00007fdb50e19000 JavaThread "URL-Loader-8" daemon [_thread_in_native, id=71431, stack(0x000070000b0e8000,0x000070000b1e8000)]
  0x00007fdb524b1000 JavaThread "URL-Loader-7" daemon [_thread_blocked, id=72451, stack(0x000070000afe5000,0x000070000b0e5000)]
  0x00007fdb5189a000 JavaThread "URL-Loader-6" daemon [_thread_blocked, id=60675, stack(0x000070000aee2000,0x000070000afe2000)]
  0x00007fdb50df5000 JavaThread "URL-Loader-5" daemon [_thread_blocked, id=73219, stack(0x000070000addf000,0x000070000aedf000)]
  0x00007fdb50d08800 JavaThread "URL-Loader-4" daemon [_thread_blocked, id=60163, stack(0x000070000acdc000,0x000070000addc000)]
  0x00007fdb50c86800 JavaThread "URL-Loader-3" daemon [_thread_blocked, id=59651, stack(0x000070000abd9000,0x000070000acd9000)]
  0x00007fdb52738800 JavaThread "URL-Loader-2" daemon [_thread_blocked, id=73483, stack(0x000070000aad6000,0x000070000abd6000)]
  0x00007fdb526c8000 JavaThread "Keep-Alive-Timer" daemon [_thread_blocked, id=73791, stack(0x000070000a9d3000,0x000070000aad3000)]
  0x00007fdb50c72800 JavaThread "URL-Loader-1" daemon [_thread_blocked, id=73987, stack(0x000070000a8d0000,0x000070000a9d0000)]
  0x00007fdb518a2000 JavaThread "DestroyJavaVM" [_thread_blocked, id=6147, stack(0x0000700008c73000,0x0000700008d73000)]
  0x00007fdb50c93800 JavaThread "Disposer" daemon [_thread_blocked, id=74499, stack(0x000070000a74a000,0x000070000a84a000)]
  0x00007fdb511fa000 JavaThread "pool-2-thread-1" daemon [_thread_in_native, id=58115, stack(0x000070000a647000,0x000070000a747000)]
  0x00007fdb51104000 JavaThread "TimerQueue" daemon [_thread_blocked, id=75031, stack(0x000070000a544000,0x000070000a644000)]
  0x00007fdb518e5000 JavaThread "Thread-7" daemon [_thread_blocked, id=75267, stack(0x000070000a441000,0x000070000a541000)]
  0x00007fdb50b5e800 JavaThread "Thread-6" daemon [_thread_in_native, id=57091, stack(0x000070000a3be000,0x000070000a43e000)]
  0x00007fdb52391800 JavaThread "Thread-5" daemon [_thread_blocked, id=76291, stack(0x000070000a2bb000,0x000070000a3bb000)]
  0x00007fdb5201b000 JavaThread "Disposer" daemon [_thread_blocked, id=56835, stack(0x000070000a1b8000,0x000070000a2b8000)]
  0x00007fdb522a7800 JavaThread "QuantumRenderer-0" daemon [_thread_blocked, id=78123, stack(0x000070000a0b5000,0x000070000a1b5000)]
  0x00007fdb52329000 JavaThread "AWT-EventQueue-0" [_thread_in_native, id=56339, stack(0x0000700009fb2000,0x000070000a0b2000)]
  0x00007fdb52226000 JavaThread "Java2D Disposer" daemon [_thread_blocked, id=79631, stack(0x0000700009e2c000,0x0000700009f2c000)]
  0x00007fdb51120000 JavaThread "Java2D Queue Flusher" daemon [_thread_blocked, id=49567, stack(0x0000700009d29000,0x0000700009e29000)]
  0x00007fdb51101800 JavaThread "AWT-Shutdown" [_thread_blocked, id=39463, stack(0x0000700009a9d000,0x0000700009b9d000)]
=>0x00007fdb50948800 JavaThread "JavaFX Application Thread" daemon [_thread_in_native, id=775, stack(0x00007ffee7d93000,0x00007ffee8593000)]
  0x00007fdb520f6800 JavaThread "AsyncAppender-Async" daemon [_thread_blocked, id=14851, stack(0x000070000999a000,0x0000700009a9a000)]
  0x00007fdb50855000 JavaThread "Service Thread" daemon [_thread_blocked, id=18179, stack(0x0000700009794000,0x0000700009894000)]
  0x00007fdb50854000 JavaThread "C2 CompilerThread1" daemon [_thread_in_native, id=14083, stack(0x0000700009691000,0x0000700009791000)]
  0x00007fdb50852800 JavaThread "C2 CompilerThread0" daemon [_thread_in_native, id=18947, stack(0x000070000958e000,0x000070000968e000)]
  0x00007fdb5201a800 JavaThread "Signal Dispatcher" daemon [_thread_blocked, id=19203, stack(0x000070000948b000,0x000070000958b000)]
  0x00007fdb51803000 JavaThread "Finalizer" daemon [_thread_blocked, id=12035, stack(0x0000700009388000,0x0000700009488000)]
  0x00007fdb50804000 JavaThread "Reference Handler" daemon [_thread_blocked, id=11779, stack(0x0000700009285000,0x0000700009385000)]

Other Threads:
  0x00007fdb5201a000 VMThread [stack: 0x0000700009182000,0x0000700009282000] [id=11267]
  0x00007fdb50855800 WatcherThread [stack: 0x0000700009897000,0x0000700009997000] [id=14339]

VM state:not at safepoint (normal execution)

VM Mutex/Monitor currently owned by a thread: None

Heap
 PSYoungGen      total 151040K, used 99841K [0x00000007d5500000, 0x00000007dfa00000, 0x0000000800000000)
  eden space 135168K, 71% used [0x00000007d5500000,0x00000007db2d2658,0x00000007dd900000)
  from space 15872K, 23% used [0x00000007dea80000,0x00000007dee2deb0,0x00000007dfa00000)
  to   space 16896K, 0% used [0x00000007dd900000,0x00000007dd900000,0x00000007de980000)
 ParOldGen       total 87040K, used 19221K [0x0000000780000000, 0x0000000785500000, 0x00000007d5500000)
  object space 87040K, 22% used [0x0000000780000000,0x00000007812c56b8,0x0000000785500000)
 PSPermGen       total 33280K, used 32780K [0x000000077ae00000, 0x000000077ce80000, 0x0000000780000000)
  object space 33280K, 98% used [0x000000077ae00000,0x000000077ce03068,0x000000077ce80000)

Card table byte_map: [0x000000010bb25000,0x000000010bf4f000] byte_map_base: 0x0000000107f4e000

Polling page: 0x0000000107706000

Code Cache  [0x0000000108a65000, 0x0000000108cd5000, 0x000000010ba65000)
 total_blobs=1168 nmethods=378 adapters=744 free_code_cache=47654Kb largest_free_block=48720576

Compilation events (10 events):
Event: 5.889 Thread 0x00007fdb50852800  440             java.lang.String::regionMatches (149 bytes)
Event: 5.894 Thread 0x00007fdb50854000  441             java.util.regex.Pattern::compile (406 bytes)
Event: 5.902 Thread 0x00007fdb50852800 nmethod 440 0x0000000108be0e90 code [0x0000000108be1060, 0x0000000108be1898]
Event: 5.903 Thread 0x00007fdb50852800  442             java.lang.String::toLowerCase (439 bytes)
Event: 5.917 Thread 0x00007fdb50852800 nmethod 442 0x0000000108be5450 code [0x0000000108be5620, 0x0000000108be5f98]
Event: 5.917 Thread 0x00007fdb50852800  443             java.net.URI$Parser::scan (73 bytes)
Event: 5.933 Thread 0x00007fdb50852800 nmethod 443 0x0000000108bed510 code [0x0000000108bed6c0, 0x0000000108bedc88]
Event: 5.933 Thread 0x00007fdb50852800  444             java.util.ArrayList$Itr::checkForComodification (23 bytes)
Event: 5.934 Thread 0x00007fdb50852800 nmethod 444 0x0000000108bc91d0 code [0x0000000108bc9320, 0x0000000108bc93b8]
Event: 5.934 Thread 0x00007fdb50852800  445             sun.nio.cs.UTF_8$Encoder::encodeArrayLoop (489 bytes)

GC Heap History (10 events):
Event: 4.805 GC heap before
{Heap before GC invocations=2 (full 0):
 PSYoungGen      total 38912K, used 38899K [0x00000007d5500000, 0x00000007d8000000, 0x0000000800000000)
  eden space 33792K, 100% used [0x00000007d5500000,0x00000007d7600000,0x00000007d7600000)
  from space 5120K, 99% used [0x00000007d7600000,0x00000007d7afcc70,0x00000007d7b00000)
  to   space 5120K, 0% used [0x00000007d7b00000,0x00000007d7b00000,0x00000007d8000000)
 ParOldGen       total 87040K, used 2956K [0x0000000780000000, 0x0000000785500000, 0x00000007d5500000)
  object space 87040K, 3% used [0x0000000780000000,0x00000007802e3058,0x0000000785500000)
 PSPermGen       total 29696K, used 29438K [0x000000077ae00000, 0x000000077cb00000, 0x0000000780000000)
  object space 29696K, 99% used [0x000000077ae00000,0x000000077cabf920,0x000000077cb00000)
Event: 4.826 GC heap after
Heap after GC invocations=2 (full 0):
 PSYoungGen      total 38912K, used 5098K [0x00000007d5500000, 0x00000007da100000, 0x0000000800000000)
  eden space 33792K, 0% used [0x00000007d5500000,0x00000007d5500000,0x00000007d7600000)
  from space 5120K, 99% used [0x00000007d7b00000,0x00000007d7ffa860,0x00000007d8000000)
  to   space 5120K, 0% used [0x00000007d7600000,0x00000007d7600000,0x00000007d7b00000)
 ParOldGen       total 87040K, used 13924K [0x0000000780000000, 0x0000000785500000, 0x00000007d5500000)
  object space 87040K, 15% used [0x0000000780000000,0x0000000780d99210,0x0000000785500000)
 PSPermGen       total 29696K, used 29438K [0x000000077ae00000, 0x000000077cb00000, 0x0000000780000000)
  object space 29696K, 99% used [0x000000077ae00000,0x000000077cabf920,0x000000077cb00000)
}
Event: 4.933 GC heap before
{Heap before GC invocations=3 (full 0):
 PSYoungGen      total 38912K, used 38862K [0x00000007d5500000, 0x00000007da100000, 0x0000000800000000)
  eden space 33792K, 99% used [0x00000007d5500000,0x00000007d75f9338,0x00000007d7600000)
  from space 5120K, 99% used [0x00000007d7b00000,0x00000007d7ffa860,0x00000007d8000000)
  to   space 5120K, 0% used [0x00000007d7600000,0x00000007d7600000,0x00000007d7b00000)
 ParOldGen       total 87040K, used 13924K [0x0000000780000000, 0x0000000785500000, 0x00000007d5500000)
  object space 87040K, 15% used [0x0000000780000000,0x0000000780d99210,0x0000000785500000)
 PSPermGen       total 30208K, used 29799K [0x000000077ae00000, 0x000000077cb80000, 0x0000000780000000)
  object space 30208K, 98% used [0x000000077ae00000,0x000000077cb19d38,0x000000077cb80000)
Event: 4.938 GC heap after
Heap after GC invocations=3 (full 0):
 PSYoungGen      total 38912K, used 5112K [0x00000007d5500000, 0x00000007da100000, 0x0000000800000000)
  eden space 33792K, 0% used [0x00000007d5500000,0x00000007d5500000,0x00000007d7600000)
  from space 5120K, 99% used [0x00000007d7600000,0x00000007d7afe3c8,0x00000007d7b00000)
  to   space 5120K, 0% used [0x00000007d9c00000,0x00000007d9c00000,0x00000007da100000)
 ParOldGen       total 87040K, used 14340K [0x0000000780000000, 0x0000000785500000, 0x00000007d5500000)
  object space 87040K, 16% used [0x0000000780000000,0x0000000780e01228,0x0000000785500000)
 PSPermGen       total 30208K, used 29799K [0x000000077ae00000, 0x000000077cb80000, 0x0000000780000000)
  object space 30208K, 98% used [0x000000077ae00000,0x000000077cb19d38,0x000000077cb80000)
}
Event: 4.945 GC heap before
{Heap before GC invocations=4 (full 0):
 PSYoungGen      total 38912K, used 38843K [0x00000007d5500000, 0x00000007da100000, 0x0000000800000000)
  eden space 33792K, 99% used [0x00000007d5500000,0x00000007d75f08e8,0x00000007d7600000)
  from space 5120K, 99% used [0x00000007d7600000,0x00000007d7afe3c8,0x00000007d7b00000)
  to   space 5120K, 0% used [0x00000007d9c00000,0x00000007d9c00000,0x00000007da100000)
 ParOldGen       total 87040K, used 14340K [0x0000000780000000, 0x0000000785500000, 0x00000007d5500000)
  object space 87040K, 16% used [0x0000000780000000,0x0000000780e01228,0x0000000785500000)
 PSPermGen       total 30208K, used 29801K [0x000000077ae00000, 0x000000077cb80000, 0x0000000780000000)
  object space 30208K, 98% used [0x000000077ae00000,0x000000077cb1a5a8,0x000000077cb80000)
Event: 4.951 GC heap after
Heap after GC invocations=4 (full 0):
 PSYoungGen      total 72704K, used 3599K [0x00000007d5500000, 0x00000007da100000, 0x0000000800000000)
  eden space 67584K, 0% used [0x00000007d5500000,0x00000007d5500000,0x00000007d9700000)
  from space 5120K, 70% used [0x00000007d9c00000,0x00000007d9f83f10,0x00000007da100000)
  to   space 5120K, 0% used [0x00000007d9700000,0x00000007d9700000,0x00000007d9c00000)
 ParOldGen       total 87040K, used 19221K [0x0000000780000000, 0x0000000785500000, 0x00000007d5500000)
  object space 87040K, 22% used [0x0000000780000000,0x00000007812c56b8,0x0000000785500000)
 PSPermGen       total 30208K, used 29801K [0x000000077ae00000, 0x000000077cb80000, 0x0000000780000000)
  object space 30208K, 98% used [0x000000077ae00000,0x000000077cb1a5a8,0x000000077cb80000)
}
Event: 4.976 GC heap before
{Heap before GC invocations=5 (full 0):
 PSYoungGen      total 72704K, used 71130K [0x00000007d5500000, 0x00000007da100000, 0x0000000800000000)
  eden space 67584K, 99% used [0x00000007d5500000,0x00000007d96f2ce8,0x00000007d9700000)
  from space 5120K, 70% used [0x00000007d9c00000,0x00000007d9f83f10,0x00000007da100000)
  to   space 5120K, 0% used [0x00000007d9700000,0x00000007d9700000,0x00000007d9c00000)
 ParOldGen       total 87040K, used 19221K [0x0000000780000000, 0x0000000785500000, 0x00000007d5500000)
  object space 87040K, 22% used [0x0000000780000000,0x00000007812c56b8,0x0000000785500000)
 PSPermGen       total 30208K, used 29836K [0x000000077ae00000, 0x000000077cb80000, 0x0000000780000000)
  object space 30208K, 98% used [0x000000077ae00000,0x000000077cb23240,0x000000077cb80000)
Event: 4.983 GC heap after
Heap after GC invocations=5 (full 0):
 PSYoungGen      total 72704K, used 3688K [0x00000007d5500000, 0x00000007dfc00000, 0x0000000800000000)
  eden space 67584K, 0% used [0x00000007d5500000,0x00000007d5500000,0x00000007d9700000)
  from space 5120K, 72% used [0x00000007d9700000,0x00000007d9a9a1f8,0x00000007d9c00000)
  to   space 17920K, 0% used [0x00000007dea80000,0x00000007dea80000,0x00000007dfc00000)
 ParOldGen       total 87040K, used 19221K [0x0000000780000000, 0x0000000785500000, 0x00000007d5500000)
  object space 87040K, 22% used [0x0000000780000000,0x00000007812c56b8,0x0000000785500000)
 PSPermGen       total 30208K, used 29836K [0x000000077ae00000, 0x000000077cb80000, 0x0000000780000000)
  object space 30208K, 98% used [0x000000077ae00000,0x000000077cb23240,0x000000077cb80000)
}
Event: 5.000 GC heap before
{Heap before GC invocations=6 (full 0):
 PSYoungGen      total 72704K, used 71201K [0x00000007d5500000, 0x00000007dfc00000, 0x0000000800000000)
  eden space 67584K, 99% used [0x00000007d5500000,0x00000007d96ee3e8,0x00000007d9700000)
  from space 5120K, 72% used [0x00000007d9700000,0x00000007d9a9a1f8,0x00000007d9c00000)
  to   space 17920K, 0% used [0x00000007dea80000,0x00000007dea80000,0x00000007dfc00000)
 ParOldGen       total 87040K, used 19221K [0x0000000780000000, 0x0000000785500000, 0x00000007d5500000)
  object space 87040K, 22% used [0x0000000780000000,0x00000007812c56b8,0x0000000785500000)
 PSPermGen       total 30208K, used 29836K [0x000000077ae00000, 0x000000077cb80000, 0x0000000780000000)
  object space 30208K, 98% used [0x000000077ae00000,0x000000077cb23240,0x000000077cb80000)
Event: 5.008 GC heap after
Heap after GC invocations=6 (full 0):
 PSYoungGen      total 151040K, used 3767K [0x00000007d5500000, 0x00000007dfa00000, 0x0000000800000000)
  eden space 135168K, 0% used [0x00000007d5500000,0x00000007d5500000,0x00000007dd900000)
  from space 15872K, 23% used [0x00000007dea80000,0x00000007dee2deb0,0x00000007dfa00000)
  to   space 16896K, 0% used [0x00000007dd900000,0x00000007dd900000,0x00000007de980000)
 ParOldGen       total 87040K, used 19221K [0x0000000780000000, 0x0000000785500000, 0x00000007d5500000)
  object space 87040K, 22% used [0x0000000780000000,0x00000007812c56b8,0x0000000785500000)
 PSPermGen       total 30208K, used 29836K [0x000000077ae00000, 0x000000077cb80000, 0x0000000780000000)
  object space 30208K, 98% used [0x000000077ae00000,0x000000077cb23240,0x000000077cb80000)
}

Deoptimization events (10 events):
Event: 5.764 Thread 0x00007fdb50948800 Uncommon trap: reason=bimorphic action=maybe_recompile pc=0x0000000108b7d974 method=java.io.FilterInputStream.read()I @ 4
Event: 5.778 Thread 0x00007fdb50e19000 Uncommon trap: reason=unstable_if action=reinterpret pc=0x0000000108b2d62c method=java.util.TreeMap.put(Ljava/lang/Object;Ljava/lang/Object;)Ljava/lang/Object; @ 55
Event: 5.799 Thread 0x00007fdb50948800 Uncommon trap: reason=bimorphic action=maybe_recompile pc=0x0000000108ad5544 method=java.io.DataInputStream.readByte()B @ 4
Event: 5.799 Thread 0x00007fdb50948800 Uncommon trap: reason=bimorphic action=maybe_recompile pc=0x0000000108ad5544 method=java.io.DataInputStream.readByte()B @ 4
Event: 5.799 Thread 0x00007fdb50948800 Uncommon trap: reason=bimorphic action=maybe_recompile pc=0x0000000108ad5544 method=java.io.DataInputStream.readByte()B @ 4
Event: 5.799 Thread 0x00007fdb50948800 Uncommon trap: reason=bimorphic action=maybe_recompile pc=0x0000000108ad5544 method=java.io.DataInputStream.readByte()B @ 4
Event: 5.846 Thread 0x00007fdb50e19000 Uncommon trap: reason=predicate action=maybe_recompile pc=0x0000000108bd7700 method=java.util.regex.Pattern$SliceI.match(Ljava/util/regex/Matcher;ILjava/lang/CharSequence;)Z @ 21
Event: 5.863 Thread 0x00007fdb50948800 Uncommon trap: reason=unstable_if action=reinterpret pc=0x0000000108ae5d3c method=java.net.URI$Parser.scan(IIJJ)I @ 39
Event: 5.863 Thread 0x00007fdb50948800 Uncommon trap: reason=unstable_if action=reinterpret pc=0x0000000108b42efc method=java.lang.CharacterData.of(I)Ljava/lang/CharacterData; @ 4
Event: 5.881 Thread 0x00007fdb50e19000 Uncommon trap: reason=unstable_if action=reinterpret pc=0x0000000108bb6098 method=java.util.regex.Pattern.RemoveQEQuoting()V @ 22

Internal exceptions (10 events):
Event: 5.928 Thread 0x00007fdb50948800 Threw 0x00000007db160b18 at /Users/java_re/workspace/7u-2-build-macosx-x86_64/jdk7u80/2329/hotspot/src/share/vm/prims/jni.cpp:717
Event: 5.928 Thread 0x00007fdb50948800 Threw 0x00000007db160cc8 at /Users/java_re/workspace/7u-2-build-macosx-x86_64/jdk7u80/2329/hotspot/src/share/vm/prims/jni.cpp:717
Event: 5.928 Thread 0x00007fdb50948800 Threw 0x00000007db160e48 at /Users/java_re/workspace/7u-2-build-macosx-x86_64/jdk7u80/2329/hotspot/src/share/vm/prims/jni.cpp:717
Event: 5.929 Thread 0x00007fdb50948800 Threw 0x00000007db162a00 at /Users/java_re/workspace/7u-2-build-macosx-x86_64/jdk7u80/2329/hotspot/src/share/vm/prims/jvm.cpp:1319
Event: 5.929 Thread 0x00007fdb50948800 Threw 0x00000007db164d30 at /Users/java_re/workspace/7u-2-build-macosx-x86_64/jdk7u80/2329/hotspot/src/share/vm/prims/jvm.cpp:1319
Event: 5.929 Thread 0x00007fdb50948800 Threw 0x00000007db1669d8 at /Users/java_re/workspace/7u-2-build-macosx-x86_64/jdk7u80/2329/hotspot/src/share/vm/prims/jvm.cpp:1319
Event: 5.930 Thread 0x00007fdb50948800 Threw 0x00000007db16aec8 at /Users/java_re/workspace/7u-2-build-macosx-x86_64/jdk7u80/2329/hotspot/src/share/vm/prims/jvm.cpp:1319
Event: 5.930 Thread 0x00007fdb50948800 Threw 0x00000007db16cb98 at /Users/java_re/workspace/7u-2-build-macosx-x86_64/jdk7u80/2329/hotspot/src/share/vm/prims/jvm.cpp:1319
Event: 5.931 Thread 0x00007fdb50948800 Threw 0x00000007db16ed40 at /Users/java_re/workspace/7u-2-build-macosx-x86_64/jdk7u80/2329/hotspot/src/share/vm/prims/jvm.cpp:1319
Event: 5.931 Thread 0x00007fdb50948800 Threw 0x00000007db171290 at /Users/java_re/workspace/7u-2-build-macosx-x86_64/jdk7u80/2329/hotspot/src/share/vm/prims/jvm.cpp:1319

Events (10 events):
Event: 5.930 loading class 0x00007fdb52e3ba20 done
Event: 5.930 loading class 0x00007fdb52e3c380
Event: 5.930 loading class 0x00007fdb52e3c380 done
Event: 5.931 loading class 0x00007fdb52f8d510
Event: 5.931 loading class 0x00007fdb52f8d510 done
Event: 5.931 Thread 0x00007fdb50d6e000 Thread added: 0x00007fdb50d6e000
Event: 5.933 Thread 0x00007fdb50852800 flushing nmethod 0x0000000108b75290
Event: 5.933 Thread 0x00007fdb50852800 flushing nmethod 0x0000000108b7a790
Event: 5.934 Thread 0x00007fdb50852800 flushing nmethod 0x0000000108b92550
Event: 5.934 Thread 0x00007fdb50852800 flushing nmethod 0x0000000108b9d410


Dynamic libraries:
0x0000000016b21000 	/System/Library/Frameworks/Cocoa.framework/Versions/A/Cocoa
0x0000000016b21000 	/System/Library/Frameworks/Security.framework/Versions/A/Security
0x0000000016b21000 	/System/Library/Frameworks/ApplicationServices.framework/Versions/A/ApplicationServices
0x0000000016b21000 	/usr/lib/libz.1.dylib
0x0000000016b21000 	/usr/lib/libSystem.B.dylib
0x0000000016b21000 	/usr/lib/libobjc.A.dylib
0x0000000016b21000 	/System/Library/Frameworks/CoreFoundation.framework/Versions/A/CoreFoundation
0x0000000016b21000 	/System/Library/Frameworks/Foundation.framework/Versions/C/Foundation
0x0000000016b21000 	/System/Library/Frameworks/AppKit.framework/Versions/C/AppKit
0x0000000016b21000 	/System/Library/Frameworks/CoreData.framework/Versions/A/CoreData
0x0000000016b21000 	/System/Library/PrivateFrameworks/RemoteViewServices.framework/Versions/A/RemoteViewServices
0x0000000016b21000 	/System/Library/PrivateFrameworks/UIFoundation.framework/Versions/A/UIFoundation
0x0000000016b21000 	/System/Library/PrivateFrameworks/XCTTargetBootstrap.framework/Versions/A/XCTTargetBootstrap
0x0000000016b21000 	/System/Library/PrivateFrameworks/IconServices.framework/Versions/A/IconServices
0x0000000016b21000 	/System/Library/Frameworks/Metal.framework/Versions/A/Metal
0x0000000016b21000 	/System/Library/PrivateFrameworks/DesktopServicesPriv.framework/Versions/A/DesktopServicesPriv
0x0000000016b21000 	/usr/lib/libenergytrace.dylib
0x0000000016b21000 	/System/Library/PrivateFrameworks/SkyLight.framework/Versions/A/SkyLight
0x0000000016b21000 	/System/Library/Frameworks/CoreGraphics.framework/Versions/A/CoreGraphics
0x0000000016b21000 	/System/Library/Frameworks/Accelerate.framework/Versions/A/Accelerate
0x0000000016b21000 	/System/Library/Frameworks/IOSurface.framework/Versions/A/IOSurface
0x0000000016b21000 	/System/Library/PrivateFrameworks/DFRFoundation.framework/Versions/A/DFRFoundation
0x0000000016b21000 	/System/Library/Frameworks/AudioToolbox.framework/Versions/A/AudioToolbox
0x0000000016b21000 	/System/Library/Frameworks/AudioUnit.framework/Versions/A/AudioUnit
0x0000000016b21000 	/System/Library/PrivateFrameworks/DataDetectorsCore.framework/Versions/A/DataDetectorsCore
0x0000000016b21000 	/System/Library/Frameworks/Carbon.framework/Versions/A/Frameworks/HIToolbox.framework/Versions/A/HIToolbox
0x0000000016b21000 	/usr/lib/libicucore.A.dylib
0x0000000016b21000 	/System/Library/Frameworks/QuartzCore.framework/Versions/A/QuartzCore
0x0000000016b21000 	/System/Library/Frameworks/Carbon.framework/Versions/A/Frameworks/SpeechRecognition.framework/Versions/A/SpeechRecognition
0x0000000016b21000 	/usr/lib/libauto.dylib
0x0000000016b21000 	/usr/lib/libxml2.2.dylib
0x0000000016b21000 	/System/Library/PrivateFrameworks/CoreUI.framework/Versions/A/CoreUI
0x0000000016b21000 	/System/Library/Frameworks/CoreAudio.framework/Versions/A/CoreAudio
0x0000000016b21000 	/System/Library/Frameworks/DiskArbitration.framework/Versions/A/DiskArbitration
0x0000000016b21000 	/usr/lib/liblangid.dylib
0x0000000016b21000 	/System/Library/PrivateFrameworks/MultitouchSupport.framework/Versions/A/MultitouchSupport
0x0000000016b21000 	/System/Library/Frameworks/IOKit.framework/Versions/A/IOKit
0x0000000016b21000 	/usr/lib/libDiagnosticMessagesClient.dylib
0x0000000016b21000 	/System/Library/Frameworks/CoreServices.framework/Versions/A/CoreServices
0x0000000016b21000 	/System/Library/PrivateFrameworks/PerformanceAnalysis.framework/Versions/A/PerformanceAnalysis
0x0000000016b21000 	/System/Library/Frameworks/OpenGL.framework/Versions/A/OpenGL
0x0000000016b21000 	/System/Library/Frameworks/ColorSync.framework/Versions/A/ColorSync
0x0000000016b21000 	/System/Library/Frameworks/CoreImage.framework/Versions/A/CoreImage
0x0000000016b21000 	/System/Library/Frameworks/CoreText.framework/Versions/A/CoreText
0x0000000016b21000 	/System/Library/Frameworks/ImageIO.framework/Versions/A/ImageIO
0x0000000016b21000 	/System/Library/PrivateFrameworks/Backup.framework/Versions/A/Backup
0x0000000016b21000 	/usr/lib/libarchive.2.dylib
0x0000000016b21000 	/System/Library/Frameworks/CFNetwork.framework/Versions/A/CFNetwork
0x0000000016b21000 	/System/Library/Frameworks/SystemConfiguration.framework/Versions/A/SystemConfiguration
0x0000000016b21000 	/usr/lib/libCRFSuite.dylib
0x0000000016b21000 	/usr/lib/libc++.1.dylib
0x0000000016b21000 	/usr/lib/libc++abi.dylib
0x0000000016b21000 	/usr/lib/system/libcache.dylib
0x0000000016b21000 	/usr/lib/system/libcommonCrypto.dylib
0x0000000016b21000 	/usr/lib/system/libcompiler_rt.dylib
0x0000000016b21000 	/usr/lib/system/libcopyfile.dylib
0x0000000016b21000 	/usr/lib/system/libcorecrypto.dylib
0x0000000016b21000 	/usr/lib/system/libdispatch.dylib
0x0000000016b21000 	/usr/lib/system/libdyld.dylib
0x0000000016b21000 	/usr/lib/system/libkeymgr.dylib
0x0000000016b21000 	/usr/lib/system/liblaunch.dylib
0x0000000016b21000 	/usr/lib/system/libmacho.dylib
0x0000000016b21000 	/usr/lib/system/libquarantine.dylib
0x0000000016b21000 	/usr/lib/system/libremovefile.dylib
0x0000000016b21000 	/usr/lib/system/libsystem_asl.dylib
0x0000000016b21000 	/usr/lib/system/libsystem_blocks.dylib
0x0000000016b21000 	/usr/lib/system/libsystem_c.dylib
0x0000000016b21000 	/usr/lib/system/libsystem_configuration.dylib
0x0000000016b21000 	/usr/lib/system/libsystem_coreservices.dylib
0x0000000016b21000 	/usr/lib/system/libsystem_darwin.dylib
0x0000000016b21000 	/usr/lib/system/libsystem_dnssd.dylib
0x0000000016b21000 	/usr/lib/system/libsystem_info.dylib
0x0000000016b21000 	/usr/lib/system/libsystem_m.dylib
0x0000000016b21000 	/usr/lib/system/libsystem_malloc.dylib
0x0000000016b21000 	/usr/lib/system/libsystem_networkextension.dylib
0x0000000016b21000 	/usr/lib/system/libsystem_notify.dylib
0x0000000016b21000 	/usr/lib/system/libsystem_sandbox.dylib
0x0000000016b21000 	/usr/lib/system/libsystem_secinit.dylib
0x0000000016b21000 	/usr/lib/system/libsystem_kernel.dylib
0x0000000016b21000 	/usr/lib/system/libsystem_platform.dylib
0x0000000016b21000 	/usr/lib/system/libsystem_pthread.dylib
0x0000000016b21000 	/usr/lib/system/libsystem_symptoms.dylib
0x0000000016b21000 	/usr/lib/system/libsystem_trace.dylib
0x0000000016b21000 	/usr/lib/system/libunwind.dylib
0x0000000016b21000 	/usr/lib/system/libxpc.dylib
0x0000000016b21000 	/usr/lib/libbsm.0.dylib
0x0000000016b21000 	/usr/lib/system/libkxld.dylib
0x0000000016b21000 	/System/Library/PrivateFrameworks/AppleFSCompression.framework/Versions/A/AppleFSCompression
0x0000000016b21000 	/usr/lib/libOpenScriptingUtil.dylib
0x0000000016b21000 	/usr/lib/libcoretls.dylib
0x0000000016b21000 	/usr/lib/libcoretls_cfhelpers.dylib
0x0000000016b21000 	/usr/lib/libpam.2.dylib
0x0000000016b21000 	/usr/lib/libsqlite3.dylib
0x0000000016b21000 	/usr/lib/libxar.1.dylib
0x0000000016b21000 	/usr/lib/libbz2.1.0.dylib
0x0000000016b21000 	/usr/lib/liblzma.5.dylib
0x0000000016b21000 	/usr/lib/libnetwork.dylib
0x0000000016b21000 	/usr/lib/libapple_nghttp2.dylib
0x0000000016b21000 	/usr/lib/libpcap.A.dylib
0x0000000016b21000 	/System/Library/Frameworks/CoreServices.framework/Versions/A/Frameworks/FSEvents.framework/Versions/A/FSEvents
0x0000000016b21000 	/System/Library/Frameworks/CoreServices.framework/Versions/A/Frameworks/CarbonCore.framework/Versions/A/CarbonCore
0x0000000016b21000 	/System/Library/Frameworks/CoreServices.framework/Versions/A/Frameworks/Metadata.framework/Versions/A/Metadata
0x0000000016b21000 	/System/Library/Frameworks/CoreServices.framework/Versions/A/Frameworks/OSServices.framework/Versions/A/OSServices
0x0000000016b21000 	/System/Library/Frameworks/CoreServices.framework/Versions/A/Frameworks/SearchKit.framework/Versions/A/SearchKit
0x0000000016b21000 	/System/Library/Frameworks/CoreServices.framework/Versions/A/Frameworks/AE.framework/Versions/A/AE
0x0000000016b21000 	/System/Library/Frameworks/CoreServices.framework/Versions/A/Frameworks/LaunchServices.framework/Versions/A/LaunchServices
0x0000000016b21000 	/System/Library/Frameworks/CoreServices.framework/Versions/A/Frameworks/DictionaryServices.framework/Versions/A/DictionaryServices
0x0000000016b21000 	/System/Library/Frameworks/CoreServices.framework/Versions/A/Frameworks/SharedFileList.framework/Versions/A/SharedFileList
0x0000000016b21000 	/System/Library/Frameworks/NetFS.framework/Versions/A/NetFS
0x0000000016b21000 	/System/Library/PrivateFrameworks/NetAuth.framework/Versions/A/NetAuth
0x0000000016b21000 	/System/Library/PrivateFrameworks/login.framework/Versions/A/Frameworks/loginsupport.framework/Versions/A/loginsupport
0x0000000016b21000 	/System/Library/PrivateFrameworks/TCC.framework/Versions/A/TCC
0x0000000016b21000 	/System/Library/PrivateFrameworks/CoreNLP.framework/Versions/A/CoreNLP
0x0000000016b21000 	/System/Library/PrivateFrameworks/MetadataUtilities.framework/Versions/A/MetadataUtilities
0x0000000016b21000 	/usr/lib/libmecabra.dylib
0x0000000016b21000 	/System/Library/Frameworks/ApplicationServices.framework/Versions/A/Frameworks/ATS.framework/Versions/A/ATS
0x0000000016b21000 	/System/Library/Frameworks/ApplicationServices.framework/Versions/A/Frameworks/ColorSyncLegacy.framework/Versions/A/ColorSyncLegacy
0x0000000016b21000 	/System/Library/Frameworks/ApplicationServices.framework/Versions/A/Frameworks/HIServices.framework/Versions/A/HIServices
0x0000000016b21000 	/System/Library/Frameworks/ApplicationServices.framework/Versions/A/Frameworks/LangAnalysis.framework/Versions/A/LangAnalysis
0x0000000016b21000 	/System/Library/Frameworks/ApplicationServices.framework/Versions/A/Frameworks/PrintCore.framework/Versions/A/PrintCore
0x0000000016b21000 	/System/Library/Frameworks/ApplicationServices.framework/Versions/A/Frameworks/QD.framework/Versions/A/QD
0x0000000016b21000 	/System/Library/Frameworks/ApplicationServices.framework/Versions/A/Frameworks/SpeechSynthesis.framework/Versions/A/SpeechSynthesis
0x0000000016b21000 	/usr/lib/libcompression.dylib
0x0000000016b21000 	/System/Library/Frameworks/CoreDisplay.framework/Versions/A/CoreDisplay
0x0000000016b21000 	/System/Library/Frameworks/MetalPerformanceShaders.framework/Versions/A/MetalPerformanceShaders
0x0000000016b21000 	/System/Library/Frameworks/Accelerate.framework/Versions/A/Frameworks/vImage.framework/Versions/A/vImage
0x0000000016b21000 	/System/Library/Frameworks/Accelerate.framework/Versions/A/Frameworks/vecLib.framework/Versions/A/vecLib
0x0000000016b21000 	/System/Library/Frameworks/Accelerate.framework/Versions/A/Frameworks/vecLib.framework/Versions/A/libvMisc.dylib
0x0000000016b21000 	/System/Library/Frameworks/Accelerate.framework/Versions/A/Frameworks/vecLib.framework/Versions/A/libvDSP.dylib
0x0000000016b21000 	/System/Library/Frameworks/Accelerate.framework/Versions/A/Frameworks/vecLib.framework/Versions/A/libBLAS.dylib
0x0000000016b21000 	/System/Library/Frameworks/Accelerate.framework/Versions/A/Frameworks/vecLib.framework/Versions/A/libLAPACK.dylib
0x0000000016b21000 	/System/Library/Frameworks/Accelerate.framework/Versions/A/Frameworks/vecLib.framework/Versions/A/libLinearAlgebra.dylib
0x0000000016b21000 	/System/Library/Frameworks/Accelerate.framework/Versions/A/Frameworks/vecLib.framework/Versions/A/libSparseBLAS.dylib
0x0000000016b21000 	/System/Library/Frameworks/Accelerate.framework/Versions/A/Frameworks/vecLib.framework/Versions/A/libQuadrature.dylib
0x0000000016b21000 	/System/Library/Frameworks/Accelerate.framework/Versions/A/Frameworks/vecLib.framework/Versions/A/libBNNS.dylib
0x0000000016b21000 	/System/Library/Frameworks/Accelerate.framework/Versions/A/Frameworks/vecLib.framework/Versions/A/libSparse.dylib
0x0000000016b21000 	/System/Library/PrivateFrameworks/GPUWrangler.framework/Versions/A/GPUWrangler
0x0000000016b21000 	/System/Library/PrivateFrameworks/IOAccelerator.framework/Versions/A/IOAccelerator
0x0000000016b21000 	/System/Library/PrivateFrameworks/IOPresentment.framework/Versions/A/IOPresentment
0x0000000016b21000 	/System/Library/PrivateFrameworks/DSExternalDisplay.framework/Versions/A/DSExternalDisplay
0x0000000016b21000 	/System/Library/Frameworks/OpenGL.framework/Versions/A/Libraries/libCoreFSCache.dylib
0x0000000016b21000 	/System/Library/Frameworks/MetalPerformanceShaders.framework/Frameworks/MPSCore.framework/Versions/A/MPSCore
0x0000000016b21000 	/System/Library/Frameworks/MetalPerformanceShaders.framework/Frameworks/MPSImage.framework/Versions/A/MPSImage
0x0000000016b21000 	/System/Library/Frameworks/MetalPerformanceShaders.framework/Frameworks/MPSNeuralNetwork.framework/Versions/A/MPSNeuralNetwork
0x0000000016b21000 	/System/Library/Frameworks/MetalPerformanceShaders.framework/Frameworks/MPSMatrix.framework/Versions/A/MPSMatrix
0x0000000016b21000 	/System/Library/Frameworks/MetalPerformanceShaders.framework/Frameworks/MPSRayIntersector.framework/Versions/A/MPSRayIntersector
0x0000000016b21000 	/System/Library/PrivateFrameworks/MetalTools.framework/Versions/A/MetalTools
0x0000000016b21000 	/System/Library/PrivateFrameworks/AggregateDictionary.framework/Versions/A/AggregateDictionary
0x0000000016b21000 	/usr/lib/libMobileGestalt.dylib
0x0000000016b21000 	/System/Library/Frameworks/CoreVideo.framework/Versions/A/CoreVideo
0x0000000016b21000 	/System/Library/PrivateFrameworks/GraphVisualizer.framework/Versions/A/GraphVisualizer
0x0000000016b21000 	/System/Library/PrivateFrameworks/FaceCore.framework/Versions/A/FaceCore
0x0000000016b21000 	/System/Library/Frameworks/OpenCL.framework/Versions/A/OpenCL
0x0000000016b21000 	/usr/lib/libFosl_dynamic.dylib
0x0000000016b21000 	/System/Library/PrivateFrameworks/OTSVG.framework/Versions/A/OTSVG
0x0000000016b21000 	/System/Library/Frameworks/ApplicationServices.framework/Versions/A/Frameworks/ATS.framework/Versions/A/Resources/libFontParser.dylib
0x0000000016b21000 	/System/Library/Frameworks/ApplicationServices.framework/Versions/A/Frameworks/ATS.framework/Versions/A/Resources/libFontRegistry.dylib
0x0000000016b21000 	/System/Library/Frameworks/ImageIO.framework/Versions/A/Resources/libJPEG.dylib
0x0000000016b21000 	/System/Library/Frameworks/ImageIO.framework/Versions/A/Resources/libTIFF.dylib
0x0000000016b21000 	/System/Library/Frameworks/ImageIO.framework/Versions/A/Resources/libPng.dylib
0x0000000016b21000 	/System/Library/Frameworks/ImageIO.framework/Versions/A/Resources/libGIF.dylib
0x0000000016b21000 	/System/Library/Frameworks/ImageIO.framework/Versions/A/Resources/libJP2.dylib
0x0000000016b21000 	/System/Library/Frameworks/ImageIO.framework/Versions/A/Resources/libRadiance.dylib
0x0000000016b21000 	/System/Library/PrivateFrameworks/AppleJPEG.framework/Versions/A/AppleJPEG
0x0000000016b21000 	/System/Library/Frameworks/OpenGL.framework/Versions/A/Libraries/libGFXShared.dylib
0x0000000016b21000 	/System/Library/Frameworks/OpenGL.framework/Versions/A/Libraries/libGLU.dylib
0x0000000016b21000 	/System/Library/Frameworks/OpenGL.framework/Versions/A/Libraries/libGL.dylib
0x0000000016b21000 	/System/Library/Frameworks/OpenGL.framework/Versions/A/Libraries/libGLImage.dylib
0x0000000016b21000 	/System/Library/Frameworks/OpenGL.framework/Versions/A/Libraries/libCVMSPluginSupport.dylib
0x0000000016b21000 	/System/Library/Frameworks/OpenGL.framework/Versions/A/Libraries/libCoreVMClient.dylib
0x0000000016b21000 	/usr/lib/libcups.2.dylib
0x0000000016b21000 	/System/Library/Frameworks/Kerberos.framework/Versions/A/Kerberos
0x0000000016b21000 	/System/Library/Frameworks/GSS.framework/Versions/A/GSS
0x0000000016b21000 	/usr/lib/libresolv.9.dylib
0x0000000016b21000 	/usr/lib/libiconv.2.dylib
0x0000000016b21000 	/System/Library/PrivateFrameworks/Heimdal.framework/Versions/A/Heimdal
0x0000000016b21000 	/usr/lib/libheimdal-asn1.dylib
0x0000000016b21000 	/System/Library/Frameworks/OpenDirectory.framework/Versions/A/OpenDirectory
0x0000000016b21000 	/System/Library/PrivateFrameworks/CommonAuth.framework/Versions/A/CommonAuth
0x0000000016b21000 	/System/Library/Frameworks/OpenDirectory.framework/Versions/A/Frameworks/CFOpenDirectory.framework/Versions/A/CFOpenDirectory
0x0000000016b21000 	/System/Library/Frameworks/SecurityFoundation.framework/Versions/A/SecurityFoundation
0x0000000016b21000 	/System/Library/PrivateFrameworks/APFS.framework/Versions/A/APFS
0x0000000016b21000 	/usr/lib/libutil.dylib
0x0000000016b21000 	/usr/lib/libcharset.1.dylib
0x0000000016b21000 	/System/Library/PrivateFrameworks/AppleSauce.framework/Versions/A/AppleSauce
0x0000000016b21000 	/System/Library/PrivateFrameworks/AssertionServices.framework/Versions/A/AssertionServices
0x0000000016b21000 	/System/Library/PrivateFrameworks/BaseBoard.framework/Versions/A/BaseBoard
0x0000000016b21000 	/usr/lib/libmecab.1.0.0.dylib
0x0000000016b21000 	/usr/lib/libgermantok.dylib
0x0000000016b21000 	/usr/lib/libThaiTokenizer.dylib
0x0000000016b21000 	/usr/lib/libChineseTokenizer.dylib
0x0000000016b21000 	/System/Library/PrivateFrameworks/LanguageModeling.framework/Versions/A/LanguageModeling
0x0000000016b21000 	/System/Library/PrivateFrameworks/CoreEmoji.framework/Versions/A/CoreEmoji
0x0000000016b21000 	/System/Library/PrivateFrameworks/Lexicon.framework/Versions/A/Lexicon
0x0000000016b21000 	/System/Library/PrivateFrameworks/LinguisticData.framework/Versions/A/LinguisticData
0x0000000016b21000 	/usr/lib/libcmph.dylib
0x0000000016b21000 	/System/Library/Frameworks/ServiceManagement.framework/Versions/A/ServiceManagement
0x0000000016b21000 	/System/Library/PrivateFrameworks/BackgroundTaskManagement.framework/Versions/A/BackgroundTaskManagement
0x0000000016b21000 	/usr/lib/libxslt.1.dylib
0x0000000016b21000 	/System/Library/Frameworks/Carbon.framework/Versions/A/Frameworks/Ink.framework/Versions/A/Ink
0x0000000016b21000 	/System/Library/PrivateFrameworks/TextureIO.framework/Versions/A/TextureIO
0x0000000016b21000 	/usr/lib/libate.dylib
0x0000000016b21000 	/System/Library/PrivateFrameworks/CrashReporterSupport.framework/Versions/A/CrashReporterSupport
0x0000000016b21000 	/System/Library/PrivateFrameworks/Sharing.framework/Versions/A/Sharing
0x0000000016b21000 	/System/Library/PrivateFrameworks/AuthKit.framework/Versions/A/AuthKit
0x0000000016b21000 	/System/Library/PrivateFrameworks/Apple80211.framework/Versions/A/Apple80211
0x0000000016b21000 	/System/Library/PrivateFrameworks/CoreUtils.framework/Versions/A/CoreUtils
0x0000000016b21000 	/System/Library/Frameworks/CoreWLAN.framework/Versions/A/CoreWLAN
0x0000000016b21000 	/System/Library/Frameworks/IOBluetooth.framework/Versions/A/IOBluetooth
0x0000000016b21000 	/System/Library/PrivateFrameworks/ProtocolBuffer.framework/Versions/A/ProtocolBuffer
0x0000000016b21000 	/System/Library/PrivateFrameworks/MobileKeyBag.framework/Versions/A/MobileKeyBag
0x0000000016b21000 	/System/Library/PrivateFrameworks/CorePhoneNumbers.framework/Versions/A/CorePhoneNumbers
0x0000000016b21000 	/System/Library/PrivateFrameworks/AppleIDAuthSupport.framework/Versions/A/AppleIDAuthSupport
0x0000000016b21000 	/System/Library/PrivateFrameworks/KeychainCircle.framework/Versions/A/KeychainCircle
0x0000000016b21000 	/System/Library/PrivateFrameworks/ROCKit.framework/Versions/A/ROCKit
0x0000000016b21000 	/System/Library/PrivateFrameworks/CoreWiFi.framework/Versions/A/CoreWiFi
0x0000000016b21000 	/System/Library/Frameworks/CoreBluetooth.framework/Versions/A/CoreBluetooth
0x0000000016b21000 	/System/Library/PrivateFrameworks/DebugSymbols.framework/Versions/A/DebugSymbols
0x0000000016b21000 	/System/Library/PrivateFrameworks/CoreSymbolication.framework/Versions/A/CoreSymbolication
0x0000000016b21000 	/System/Library/PrivateFrameworks/Symbolication.framework/Versions/A/Symbolication
0x0000000016b21000 	/System/Library/PrivateFrameworks/SpeechRecognitionCore.framework/Versions/A/SpeechRecognitionCore
0x0000000108000000 	/Library/Java/JavaVirtualMachines/jdk1.7.0_80.jdk/Contents/Home/jre/lib/server/libjvm.dylib
0x0000000016b21000 	/usr/lib/libstdc++.6.dylib
0x00000001076c9000 	/Library/Java/JavaVirtualMachines/jdk1.7.0_80.jdk/Contents/Home/jre/lib/libverify.dylib
0x00000001076d6000 	/Library/Java/JavaVirtualMachines/jdk1.7.0_80.jdk/Contents/Home/jre/lib/libjava.dylib
0x0000000107750000 	/Library/Java/JavaVirtualMachines/jdk1.7.0_80.jdk/Contents/Home/jre/lib/libzip.dylib
0x0000000016b21000 	/System/Library/Frameworks/JavaVM.framework/Versions/A/Frameworks/JavaRuntimeSupport.framework/Versions/A/JavaRuntimeSupport
0x0000000016b21000 	/System/Library/Frameworks/JavaVM.framework/Versions/A/Frameworks/JavaNativeFoundation.framework/Versions/A/JavaNativeFoundation
0x0000000016b21000 	/System/Library/Frameworks/JavaVM.framework/Versions/A/JavaVM
0x0000000016b21000 	/System/Library/Frameworks/Carbon.framework/Versions/A/Carbon
0x0000000016b21000 	/System/Library/PrivateFrameworks/JavaLaunching.framework/Versions/A/JavaLaunching
0x0000000016b21000 	/System/Library/Frameworks/Carbon.framework/Versions/A/Frameworks/CommonPanels.framework/Versions/A/CommonPanels
0x0000000016b21000 	/System/Library/Frameworks/Carbon.framework/Versions/A/Frameworks/Help.framework/Versions/A/Help
0x0000000016b21000 	/System/Library/Frameworks/Carbon.framework/Versions/A/Frameworks/ImageCapture.framework/Versions/A/ImageCapture
0x0000000016b21000 	/System/Library/Frameworks/Carbon.framework/Versions/A/Frameworks/OpenScripting.framework/Versions/A/OpenScripting
0x0000000016b21000 	/System/Library/Frameworks/Carbon.framework/Versions/A/Frameworks/Print.framework/Versions/A/Print
0x0000000016b21000 	/System/Library/Frameworks/Carbon.framework/Versions/A/Frameworks/SecurityHI.framework/Versions/A/SecurityHI
0x000000010d8c6000 	/Library/Java/JavaVirtualMachines/jdk1.7.0_80.jdk/Contents/Home/jre/lib/libmanagement.dylib
0x000000010d8ce000 	/Library/Java/JavaVirtualMachines/jdk1.7.0_80.jdk/Contents/Home/jre/lib/libnet.dylib
0x000000010d92d000 	/Library/Java/JavaVirtualMachines/jdk1.7.0_80.jdk/Contents/Home/jre/lib/libnio.dylib
0x00000001139a9000 	/Library/Java/JavaVirtualMachines/jdk1.7.0_80.jdk/Contents/Home/jre/lib/libawt.dylib
0x0000000113a58000 	/Library/Java/JavaVirtualMachines/jdk1.7.0_80.jdk/Contents/Home/jre/lib/./libmlib_image.dylib
0x0000000113b24000 	/Library/Java/JavaVirtualMachines/jdk1.7.0_80.jdk/Contents/Home/jre/lib/lwawt/liblwawt.dylib
0x0000000113bda000 	/Library/Java/JavaVirtualMachines/jdk1.7.0_80.jdk/Contents/Home/jre/lib/libosxapp.dylib
0x0000000016b21000 	/System/Library/Frameworks/ExceptionHandling.framework/Versions/A/ExceptionHandling
0x0000000016b21000 	/System/Library/PrivateFrameworks/CoreServicesInternal.framework/Versions/A/CoreServicesInternal
0x0000000016b21000 	/System/Library/CoreServices/RawCamera.bundle/Contents/MacOS/RawCamera
0x0000000016b21000 	/System/Library/PrivateFrameworks/MobileAsset.framework/Versions/A/MobileAsset
0x0000000016b21000 	/System/Library/PrivateFrameworks/StreamingZip.framework/Versions/A/StreamingZip
0x0000000016b21000 	/System/Library/Frameworks/MediaToolbox.framework/Versions/A/MediaToolbox
0x0000000016b21000 	/System/Library/PrivateFrameworks/CoreAVCHD.framework/Versions/A/CoreAVCHD
0x0000000016b21000 	/System/Library/Frameworks/MediaAccessibility.framework/Versions/A/MediaAccessibility
0x0000000016b21000 	/System/Library/PrivateFrameworks/Mangrove.framework/Versions/A/Mangrove
0x0000000016b21000 	/System/Library/Frameworks/CoreMedia.framework/Versions/A/CoreMedia
0x0000000016b21000 	/System/Library/Frameworks/VideoToolbox.framework/Versions/A/VideoToolbox
0x0000000016b21000 	/System/Library/PrivateFrameworks/CoreAUC.framework/Versions/A/CoreAUC
0x0000000016b21000 	/usr/lib/libspindump.dylib
0x0000000016b21000 	/System/Library/PrivateFrameworks/AppleVA.framework/Versions/A/AppleVA
0x0000000016b21000 	/System/Library/Frameworks/Accelerate.framework/Versions/A/Frameworks/vImage.framework/Versions/A/Libraries/libCGInterfaces.dylib
0x0000000016b21000 	/System/Library/Frameworks/ApplicationServices.framework/Versions/A/Frameworks/ATS.framework/Versions/A/Resources/libTrueTypeScaler.dylib
0x0000000016b21000 	/System/Library/Extensions/AppleIntelHD4000GraphicsMTLDriver.bundle/Contents/MacOS/AppleIntelHD4000GraphicsMTLDriver
0x0000000016b21000 	/System/Library/PrivateFrameworks/GPUCompiler.framework/Versions/3902/Libraries/libmetal_timestamp.dylib
0x0000000016b21000 	/System/Library/PrivateFrameworks/FamilyControls.framework/Versions/A/FamilyControls
0x0000000016b21000 	/System/Library/PrivateFrameworks/CommerceKit.framework/Versions/A/Frameworks/CommerceCore.framework/Versions/A/CommerceCore
0x0000000016b21000 	/System/Library/PrivateFrameworks/SystemAdministration.framework/Versions/A/SystemAdministration
0x0000000016b21000 	/System/Library/PrivateFrameworks/AppContainer.framework/Versions/A/AppContainer
0x0000000016b21000 	/System/Library/PrivateFrameworks/AppSandbox.framework/Versions/A/AppSandbox
0x0000000016b21000 	/System/Library/PrivateFrameworks/SecCodeWrapper.framework/Versions/A/SecCodeWrapper
0x0000000016b21000 	/usr/lib/libsandbox.1.dylib
0x0000000016b21000 	/usr/lib/libMatch.1.dylib
0x0000000016b21000 	/System/Library/PrivateFrameworks/DiskManagement.framework/Versions/A/DiskManagement
0x0000000016b21000 	/System/Library/Frameworks/DirectoryService.framework/Versions/A/DirectoryService
0x0000000016b21000 	/System/Library/PrivateFrameworks/DiskImages.framework/Versions/A/DiskImages
0x0000000016b21000 	/System/Library/PrivateFrameworks/LoginUIKit.framework/Versions/A/Frameworks/LoginUICore.framework/Versions/A/LoginUICore
0x0000000016b21000 	/usr/lib/libCoreStorage.dylib
0x0000000016b21000 	/usr/lib/libcsfde.dylib
0x0000000016b21000 	/usr/lib/libodfde.dylib
0x0000000016b21000 	/System/Library/PrivateFrameworks/MediaKit.framework/Versions/A/MediaKit
0x0000000016b21000 	/System/Library/Frameworks/DiscRecording.framework/Versions/A/DiscRecording
0x0000000016b21000 	/System/Library/PrivateFrameworks/EFILogin.framework/Versions/A/EFILogin
0x0000000016b21000 	/System/Library/PrivateFrameworks/ProtectedCloudStorage.framework/Versions/A/ProtectedCloudStorage
0x0000000016b21000 	/usr/lib/libcurl.4.dylib
0x0000000016b21000 	/usr/lib/libcrypto.42.dylib
0x0000000016b21000 	/usr/lib/libssl.44.dylib
0x0000000016b21000 	/System/Library/Frameworks/LDAP.framework/Versions/A/LDAP
0x0000000016b21000 	/System/Library/PrivateFrameworks/TrustEvaluationAgent.framework/Versions/A/TrustEvaluationAgent
0x0000000016b21000 	/usr/lib/libsasl2.2.dylib
0x0000000016b21000 	/System/Library/PrivateFrameworks/CoreDaemon.framework/Versions/B/CoreDaemon
0x0000000016b21000 	/System/Library/PrivateFrameworks/AppleSRP.framework/Versions/A/AppleSRP
0x0000000016b21000 	/System/Library/PrivateFrameworks/ViewBridge.framework/Versions/A/ViewBridge
0x0000000016b21000 	/System/Library/Frameworks/OpenGL.framework/Versions/A/Resources/GLEngine.bundle/GLEngine
0x0000000016b21000 	/System/Library/Frameworks/OpenGL.framework/Versions/A/Libraries/libGLProgrammability.dylib
0x0000000016b21000 	/System/Library/Extensions/AppleIntelHD4000GraphicsGLDriver.bundle/Contents/MacOS/AppleIntelHD4000GraphicsGLDriver
0x0000000016b21000 	/System/Library/PrivateFrameworks/GPUSupport.framework/Versions/A/Libraries/libGPUSupportMercury.dylib
0x0000000016b21000 	/System/Library/Frameworks/OpenGL.framework/Versions/A/Resources/GLRendererFloat.bundle/GLRendererFloat
0x0000000016b21000 	/System/Library/Frameworks/OpenCL.framework/Versions/A/Libraries/libcldcpuengine.dylib
0x0000000016b21000 	/usr/lib/libcrypto.35.dylib
0x0000000116cc2000 	/Library/Java/JavaVirtualMachines/jdk1.7.0_80.jdk/Contents/Home/jre/lib/libfontmanager.dylib
0x000000011516d000 	/Library/Java/JavaVirtualMachines/jdk1.7.0_80.jdk/Contents/Home/jre/lib/libosxui.dylib
0x0000000117741000 	/usr/lib/libobjc-trampolines.dylib
0x0000000118790000 	/Library/Java/JavaVirtualMachines/jdk1.7.0_80.jdk/Contents/Home/jre/lib/libprism-es2.dylib
0x000000011a8e2000 	/Library/Java/JavaVirtualMachines/jdk1.7.0_80.jdk/Contents/Home/jre/lib/libglass.dylib
0x000000011af80000 	/Library/Java/JavaVirtualMachines/jdk1.7.0_80.jdk/Contents/Home/jre/lib/libsunec.dylib
0x000000011e000000 	/Library/Java/JavaVirtualMachines/jdk1.7.0_80.jdk/Contents/Home/jre/lib/libjfxwebkit.dylib
0x0000000115897000 	/Library/Java/JavaVirtualMachines/jdk1.7.0_80.jdk/Contents/Home/jre/lib/libjavafx-font.dylib

VM Arguments:
java_command: /Users/philip/Documents/Curse/Minecraft/Install/game/launcher.jar --workDir /Users/philip/Documents/Curse/Minecraft/Install
Launcher Type: SUN_STANDARD

Environment Variables:
PATH=/usr/bin:/bin:/usr/sbin:/sbin
SHELL=/bin/bash
DISPLAY=/private/tmp/com.apple.launchd.140u7kf8zn/org.macosforge.xquartz:0

Signal Handlers:
SIGSEGV: [libjvm.dylib+0x52e8c9], sa_mask[0]=0xfffefeff, sa_flags=0x00000043
SIGBUS: [libjvm.dylib+0x52e8c9], sa_mask[0]=0xfffefeff, sa_flags=0x00000042
SIGFPE: [libjvm.dylib+0x42022e], sa_mask[0]=0xfffefeff, sa_flags=0x00000042
SIGPIPE: [libjvm.dylib+0x42022e], sa_mask[0]=0xfffefeff, sa_flags=0x00000042
SIGXFSZ: [libjvm.dylib+0x42022e], sa_mask[0]=0xfffefeff, sa_flags=0x00000042
SIGILL: [libjvm.dylib+0x42022e], sa_mask[0]=0xfffefeff, sa_flags=0x00000042
SIGUSR1: SIG_DFL, sa_mask[0]=0x00000000, sa_flags=0x00000000
SIGUSR2: [libjvm.dylib+0x41fd20], sa_mask[0]=0x00000000, sa_flags=0x00000042
SIGHUP: [libjvm.dylib+0x41dfd5], sa_mask[0]=0xfffefeff, sa_flags=0x00000042
SIGINT: [libjvm.dylib+0x41dfd5], sa_mask[0]=0xfffefeff, sa_flags=0x00000042
SIGTERM: [libjvm.dylib+0x41dfd5], sa_mask[0]=0xfffefeff, sa_flags=0x00000042
SIGQUIT: [libjvm.dylib+0x41dfd5], sa_mask[0]=0xfffefeff, sa_flags=0x00000042


---------------  S Y S T E M  ---------------

OS:Bsduname:Darwin 18.2.0 Darwin Kernel Version 18.2.0: Fri Oct  5 19:41:49 PDT 2018; root:xnu-4903.221.2~2/RELEASE_X86_64 x86_64
rlimit: STACK 8192k, CORE 0k, NPROC 709, NOFILE 10240, AS infinity
load average:2.30 4.33 6.06

CPU:total 4 (2 cores per cpu, 2 threads per core) family 6 model 58 stepping 9, cmov, cx8, fxsr, mmx, sse, sse2, sse3, ssse3, sse4.1, sse4.2, popcnt, avx, aes, erms, ht, tsc, tscinvbit, tscinv

Memory: 4k page, physical 8388608k(2097152k free)

/proc/meminfo:


vm_info: Java HotSpot(TM) 64-Bit Server VM (24.80-b11) for bsd-amd64 JRE (1.7.0_80-b15), built on Apr 10 2015 11:25:43 by "java_re" with gcc 4.2.1 (Based on Apple Inc. build 5658) (LLVM build 2336.11.00)

time: Sun Nov 11 16:40:49 2018
elapsed time: 5 seconds

